nohup: ignoring input

  .   ____          _            __ _ _
 /\\ / ___'_ __ _ _(_)_ __  __ _ \ \ \ \
( ( )\___ | '_ | '_| | '_ \/ _` | \ \ \ \
 \\/  ___)| |_)| | | | | || (_| |  ) ) ) )
  '  |____| .__|_| |_|_| |_\__, | / / / /
 =========|_|==============|___/=/_/_/_/
 :: Spring Boot ::        (v2.0.2.RELEASE)

2018-05-11 10:36:11.407  INFO 23375 --- [           main] com.example.demo.DemoApplication         : Starting DemoApplication v0.0.1-SNAPSHOT on shivam with PID 23375 (/home/shivam/Downloads/demo/target/demo-0.0.1-SNAPSHOT.jar started by shivam in /home/shivam/Downloads/demo)
2018-05-11 10:36:11.415  INFO 23375 --- [           main] com.example.demo.DemoApplication         : No active profile set, falling back to default profiles: default
2018-05-11 10:36:11.513  INFO 23375 --- [           main] ConfigServletWebServerApplicationContext : Refreshing org.springframework.boot.web.servlet.context.AnnotationConfigServletWebServerApplicationContext@4141d797: startup date [Fri May 11 10:36:11 IST 2018]; root of context hierarchy
2018-05-11 10:36:13.826  INFO 23375 --- [           main] trationDelegate$BeanPostProcessorChecker : Bean 'org.springframework.transaction.annotation.ProxyTransactionManagementConfiguration' of type [org.springframework.transaction.annotation.ProxyTransactionManagementConfiguration$$EnhancerBySpringCGLIB$$8cc69a7f] is not eligible for getting processed by all BeanPostProcessors (for example: not eligible for auto-proxying)
2018-05-11 10:36:14.297  INFO 23375 --- [           main] o.s.b.w.embedded.tomcat.TomcatWebServer  : Tomcat initialized with port(s): 8080 (http)
2018-05-11 10:36:14.340  INFO 23375 --- [           main] o.apache.catalina.core.StandardService   : Starting service [Tomcat]
2018-05-11 10:36:14.340  INFO 23375 --- [           main] org.apache.catalina.core.StandardEngine  : Starting Servlet Engine: Apache Tomcat/8.5.31
2018-05-11 10:36:14.356  INFO 23375 --- [ost-startStop-1] o.a.catalina.core.AprLifecycleListener   : The APR based Apache Tomcat Native library which allows optimal performance in production environments was not found on the java.library.path: [/usr/java/packages/lib/amd64:/usr/lib64:/lib64:/lib:/usr/lib]
2018-05-11 10:36:14.484  INFO 23375 --- [ost-startStop-1] o.a.c.c.C.[Tomcat].[localhost].[/]       : Initializing Spring embedded WebApplicationContext
2018-05-11 10:36:14.484  INFO 23375 --- [ost-startStop-1] o.s.web.context.ContextLoader            : Root WebApplicationContext: initialization completed in 2977 ms
2018-05-11 10:36:15.470  INFO 23375 --- [ost-startStop-1] o.s.b.w.servlet.ServletRegistrationBean  : Servlet dispatcherServlet mapped to [/]
2018-05-11 10:36:15.475  INFO 23375 --- [ost-startStop-1] o.s.b.w.servlet.FilterRegistrationBean   : Mapping filter: 'characterEncodingFilter' to: [/*]
2018-05-11 10:36:15.475  INFO 23375 --- [ost-startStop-1] o.s.b.w.servlet.FilterRegistrationBean   : Mapping filter: 'hiddenHttpMethodFilter' to: [/*]
2018-05-11 10:36:15.475  INFO 23375 --- [ost-startStop-1] o.s.b.w.servlet.FilterRegistrationBean   : Mapping filter: 'httpPutFormContentFilter' to: [/*]
2018-05-11 10:36:15.475  INFO 23375 --- [ost-startStop-1] o.s.b.w.servlet.FilterRegistrationBean   : Mapping filter: 'requestContextFilter' to: [/*]
2018-05-11 10:36:15.475  INFO 23375 --- [ost-startStop-1] o.s.b.w.servlet.FilterRegistrationBean   : Mapping filter: 'httpTraceFilter' to: [/*]
2018-05-11 10:36:15.476  INFO 23375 --- [ost-startStop-1] o.s.b.w.servlet.FilterRegistrationBean   : Mapping filter: 'webMvcMetricsFilter' to: [/*]
2018-05-11 10:36:15.609  INFO 23375 --- [           main] com.zaxxer.hikari.HikariDataSource       : HikariPool-1 - Starting...
2018-05-11 10:36:15.839  INFO 23375 --- [           main] com.zaxxer.hikari.HikariDataSource       : HikariPool-1 - Start completed.
2018-05-11 10:36:15.927  INFO 23375 --- [           main] j.LocalContainerEntityManagerFactoryBean : Building JPA container EntityManagerFactory for persistence unit 'default'
2018-05-11 10:36:15.973  INFO 23375 --- [           main] o.hibernate.jpa.internal.util.LogHelper  : HHH000204: Processing PersistenceUnitInfo [
	name: default
	...]
2018-05-11 10:36:16.162  INFO 23375 --- [           main] org.hibernate.Version                    : HHH000412: Hibernate Core {5.2.17.Final}
2018-05-11 10:36:16.165  INFO 23375 --- [           main] org.hibernate.cfg.Environment            : HHH000206: hibernate.properties not found
2018-05-11 10:36:16.261  INFO 23375 --- [           main] o.hibernate.annotations.common.Version   : HCANN000001: Hibernate Commons Annotations {5.0.1.Final}
2018-05-11 10:36:16.545  INFO 23375 --- [           main] org.hibernate.dialect.Dialect            : HHH000400: Using dialect: org.hibernate.dialect.H2Dialect
2018-05-11 10:36:17.027  INFO 23375 --- [           main] o.h.t.schema.internal.SchemaCreatorImpl  : HHH000476: Executing import script 'org.hibernate.tool.schema.internal.exec.ScriptSourceInputNonExistentImpl@5d534f5d'
2018-05-11 10:36:17.033  INFO 23375 --- [           main] j.LocalContainerEntityManagerFactoryBean : Initialized JPA EntityManagerFactory for persistence unit 'default'
2018-05-11 10:36:17.216  INFO 23375 --- [           main] o.s.w.s.handler.SimpleUrlHandlerMapping  : Mapped URL path [/**/favicon.ico] onto handler of type [class org.springframework.web.servlet.resource.ResourceHttpRequestHandler]
2018-05-11 10:36:17.612  INFO 23375 --- [           main] s.w.s.m.m.a.RequestMappingHandlerAdapter : Looking for @ControllerAdvice: org.springframework.boot.web.servlet.context.AnnotationConfigServletWebServerApplicationContext@4141d797: startup date [Fri May 11 10:36:11 IST 2018]; root of context hierarchy
2018-05-11 10:36:17.707  WARN 23375 --- [           main] aWebConfiguration$JpaWebMvcConfiguration : spring.jpa.open-in-view is enabled by default. Therefore, database queries may be performed during view rendering. Explicitly configure spring.jpa.open-in-view to disable this warning
2018-05-11 10:36:17.804  INFO 23375 --- [           main] s.w.s.m.m.a.RequestMappingHandlerMapping : Mapped "{[/api/commonwords],methods=[POST]}" onto public java.util.Set<java.lang.String> com.example.demo.web.CommonWordsController.getCommonWords(com.example.demo.model.FilesInput)
2018-05-11 10:36:17.809  INFO 23375 --- [           main] s.w.s.m.m.a.RequestMappingHandlerMapping : Mapped "{[/error],produces=[text/html]}" onto public org.springframework.web.servlet.ModelAndView org.springframework.boot.autoconfigure.web.servlet.error.BasicErrorController.errorHtml(javax.servlet.http.HttpServletRequest,javax.servlet.http.HttpServletResponse)
2018-05-11 10:36:17.810  INFO 23375 --- [           main] s.w.s.m.m.a.RequestMappingHandlerMapping : Mapped "{[/error]}" onto public org.springframework.http.ResponseEntity<java.util.Map<java.lang.String, java.lang.Object>> org.springframework.boot.autoconfigure.web.servlet.error.BasicErrorController.error(javax.servlet.http.HttpServletRequest)
2018-05-11 10:36:17.880  INFO 23375 --- [           main] o.s.w.s.handler.SimpleUrlHandlerMapping  : Mapped URL path [/webjars/**] onto handler of type [class org.springframework.web.servlet.resource.ResourceHttpRequestHandler]
2018-05-11 10:36:17.880  INFO 23375 --- [           main] o.s.w.s.handler.SimpleUrlHandlerMapping  : Mapped URL path [/**] onto handler of type [class org.springframework.web.servlet.resource.ResourceHttpRequestHandler]
2018-05-11 10:36:18.742  INFO 23375 --- [           main] o.s.b.a.e.web.EndpointLinksResolver      : Exposing 2 endpoint(s) beneath base path '/actuator'
2018-05-11 10:36:18.759  INFO 23375 --- [           main] s.b.a.e.w.s.WebMvcEndpointHandlerMapping : Mapped "{[/actuator/health],methods=[GET],produces=[application/vnd.spring-boot.actuator.v2+json || application/json]}" onto public java.lang.Object org.springframework.boot.actuate.endpoint.web.servlet.AbstractWebMvcEndpointHandlerMapping$OperationHandler.handle(javax.servlet.http.HttpServletRequest,java.util.Map<java.lang.String, java.lang.String>)
2018-05-11 10:36:18.763  INFO 23375 --- [           main] s.b.a.e.w.s.WebMvcEndpointHandlerMapping : Mapped "{[/actuator/info],methods=[GET],produces=[application/vnd.spring-boot.actuator.v2+json || application/json]}" onto public java.lang.Object org.springframework.boot.actuate.endpoint.web.servlet.AbstractWebMvcEndpointHandlerMapping$OperationHandler.handle(javax.servlet.http.HttpServletRequest,java.util.Map<java.lang.String, java.lang.String>)
2018-05-11 10:36:18.765  INFO 23375 --- [           main] s.b.a.e.w.s.WebMvcEndpointHandlerMapping : Mapped "{[/actuator],methods=[GET],produces=[application/vnd.spring-boot.actuator.v2+json || application/json]}" onto protected java.util.Map<java.lang.String, java.util.Map<java.lang.String, org.springframework.boot.actuate.endpoint.web.Link>> org.springframework.boot.actuate.endpoint.web.servlet.WebMvcEndpointHandlerMapping.links(javax.servlet.http.HttpServletRequest,javax.servlet.http.HttpServletResponse)
2018-05-11 10:36:18.863  INFO 23375 --- [           main] o.s.j.e.a.AnnotationMBeanExporter        : Registering beans for JMX exposure on startup
2018-05-11 10:36:18.866  INFO 23375 --- [           main] o.s.j.e.a.AnnotationMBeanExporter        : Bean with name 'dataSource' has been autodetected for JMX exposure
2018-05-11 10:36:18.873  INFO 23375 --- [           main] o.s.j.e.a.AnnotationMBeanExporter        : Located MBean 'dataSource': registering with JMX server as MBean [com.zaxxer.hikari:name=dataSource,type=HikariDataSource]
2018-05-11 10:36:18.954  INFO 23375 --- [           main] o.s.b.w.embedded.tomcat.TomcatWebServer  : Tomcat started on port(s): 8080 (http) with context path ''
2018-05-11 10:36:18.960  INFO 23375 --- [           main] com.example.demo.DemoApplication         : Started DemoApplication in 8.107 seconds (JVM running for 8.787)
2018-05-11 10:36:23.904  INFO 23375 --- [nio-8080-exec-1] o.a.c.c.C.[Tomcat].[localhost].[/]       : Initializing Spring FrameworkServlet 'dispatcherServlet'
2018-05-11 10:36:23.904  INFO 23375 --- [nio-8080-exec-1] o.s.web.servlet.DispatcherServlet        : FrameworkServlet 'dispatcherServlet': initialization started
2018-05-11 10:36:23.934  INFO 23375 --- [nio-8080-exec-1] o.s.web.servlet.DispatcherServlet        : FrameworkServlet 'dispatcherServlet': initialization completed in 30 ms
2018-05-11 10:36:24.265  INFO 23375 --- [nio-8080-exec-1] c.e.demo.service.CommonWordsService      : The resultant map is: {other=[/tmp/file2.txt], life=[/tmp/file2.txt], objective=[/tmp/file3.txt, /tmp/file2.txt, /tmp/file1.txt], points=[/tmp/file1.txt], candidate=[/tmp/file1.txt], not=[/tmp/file2.txt], his=[/tmp/file3.txt], and=[/tmp/file3.txt], of=[/tmp/file2.txt, /tmp/file1.txt], should=[/tmp/file2.txt], few=[/tmp/file1.txt], judge=[/tmp/file3.txt, /tmp/file2.txt, /tmp/file1.txt], has=[/tmp/file3.txt], on=[/tmp/file1.txt], always=[/tmp/file3.txt], thoughts=[/tmp/file3.txt], test=[/tmp/file1.txt], this=[/tmp/file1.txt], is=[/tmp/file3.txt, /tmp/file1.txt], court=[/tmp/file3.txt], any=[/tmp/file2.txt], the=[/tmp/file3.txt, /tmp/file2.txt, /tmp/file1.txt], with=[/tmp/file3.txt], person=[/tmp/file2.txt], to=[/tmp/file2.txt, /tmp/file1.txt], cleared=[/tmp/file3.txt], who=[/tmp/file3.txt]}
2018-05-11 10:42:15.050  INFO 23375 --- [nio-8080-exec-5] c.e.demo.service.CommonWordsService      : The resultant map is: {other=[/tmp/file2.txt], life=[/tmp/file2.txt], objective=[/tmp/file3.txt, /tmp/file2.txt, /tmp/file1.txt], points=[/tmp/file1.txt], candidate=[/tmp/file1.txt], not=[/tmp/file2.txt], his=[/tmp/file3.txt], and=[/tmp/file3.txt], of=[/tmp/file2.txt, /tmp/file1.txt], should=[/tmp/file2.txt], few=[/tmp/file1.txt], judge=[/tmp/file3.txt, /tmp/file2.txt, /tmp/file1.txt], has=[/tmp/file3.txt], on=[/tmp/file1.txt], always=[/tmp/file3.txt], thoughts=[/tmp/file3.txt], test=[/tmp/file1.txt], this=[/tmp/file1.txt], is=[/tmp/file3.txt, /tmp/file1.txt], court=[/tmp/file3.txt], any=[/tmp/file2.txt], the=[/tmp/file3.txt, /tmp/file2.txt, /tmp/file1.txt], with=[/tmp/file3.txt], person=[/tmp/file2.txt], to=[/tmp/file2.txt, /tmp/file1.txt], cleared=[/tmp/file3.txt], who=[/tmp/file3.txt]}
2018-05-11 10:42:18.226  INFO 23375 --- [nio-8080-exec-6] c.e.demo.service.CommonWordsService      : The resultant map is: {other=[/tmp/file2.txt], life=[/tmp/file2.txt], objective=[/tmp/file3.txt, /tmp/file2.txt, /tmp/file1.txt], points=[/tmp/file1.txt], candidate=[/tmp/file1.txt], not=[/tmp/file2.txt], his=[/tmp/file3.txt], and=[/tmp/file3.txt], of=[/tmp/file2.txt, /tmp/file1.txt], should=[/tmp/file2.txt], few=[/tmp/file1.txt], judge=[/tmp/file3.txt, /tmp/file2.txt, /tmp/file1.txt], has=[/tmp/file3.txt], on=[/tmp/file1.txt], always=[/tmp/file3.txt], thoughts=[/tmp/file3.txt], test=[/tmp/file1.txt], this=[/tmp/file1.txt], is=[/tmp/file3.txt, /tmp/file1.txt], court=[/tmp/file3.txt], any=[/tmp/file2.txt], the=[/tmp/file3.txt, /tmp/file2.txt, /tmp/file1.txt], with=[/tmp/file3.txt], person=[/tmp/file2.txt], to=[/tmp/file2.txt, /tmp/file1.txt], cleared=[/tmp/file3.txt], who=[/tmp/file3.txt]}
